{"name": "test_right_way", "status": "broken", "statusDetails": {"message": "selenium.common.exceptions.TimeoutException: Message:", "trace": "tests/test_shop.py:89: in test_right_way\n    WebDriverWait(browser, timeout=10, poll_frequency=2).until(\n        browser    = <selenium.webdriver.chrome.webdriver.WebDriver (session=\"20a1d4bd3f4064be3e2c5d6d9b4d91aa\")>\n        cart_is_visible = 'block'\n        product    = <selenium.webdriver.remote.webelement.WebElement (session=\"20a1d4bd3f4064be3e2c5d6d9b4d91aa\", element=\"0dde1199-bb8b-4c36-8ed0-1a79360e31de\")>\nenv/lib/python3.11/site-packages/selenium/webdriver/support/wait.py:95: in until\n    raise TimeoutException(message, screen, stacktrace)\nE   selenium.common.exceptions.TimeoutException: Message:\n        end_time   = 56017.734745053\n        message    = ''\n        method     = <function url_to_be.<locals>._predicate at 0x10bdaf600>\n        screen     = None\n        self       = <selenium.webdriver.support.wait.WebDriverWait (session=\"20a1d4bd3f4064be3e2c5d6d9b4d91aa\")>\n        stacktrace = None\n        value      = False"}, "description": "\n    Test case TC-4\n    ", "start": 1670681264922, "stop": 1670681281467, "uuid": "e901d959-00f0-4ad0-89d6-339de060e998", "historyId": "832350b147fac251f172289a626c5cba", "testCaseId": "7b8323124234f69a8fde1e3de50f452e", "fullName": "tests.test_shop#test_right_way", "labels": [{"name": "parentSuite", "value": "tests"}, {"name": "suite", "value": "test_shop"}, {"name": "host", "value": "iMac-Alexey.MSHOME"}, {"name": "thread", "value": "42920-MainThread"}, {"name": "framework", "value": "pytest"}, {"name": "language", "value": "cpython3"}, {"name": "package", "value": "tests.test_shop"}]}