{"name": "test_right_way", "status": "broken", "statusDetails": {"message": "selenium.common.exceptions.TimeoutException: Message:", "trace": "tests/test_shop.py:89: in test_right_way\n    WebDriverWait(browser, timeout=10, poll_frequency=1).until(\n        browser    = <selenium.webdriver.chrome.webdriver.WebDriver (session=\"5c7f393adda0363508fb21074aad7fa4\")>\n        cart_is_visible = 'block'\n        product    = <selenium.webdriver.remote.webelement.WebElement (session=\"5c7f393adda0363508fb21074aad7fa4\", element=\"76ca4a72-956b-4721-bfad-da1a6b4db257\")>\nenv/lib/python3.11/site-packages/selenium/webdriver/support/wait.py:95: in until\n    raise TimeoutException(message, screen, stacktrace)\nE   selenium.common.exceptions.TimeoutException: Message:\n        end_time   = 56271.508719166\n        message    = ''\n        method     = <function url_to_be.<locals>._predicate at 0x105c4f600>\n        screen     = None\n        self       = <selenium.webdriver.support.wait.WebDriverWait (session=\"5c7f393adda0363508fb21074aad7fa4\")>\n        stacktrace = None\n        value      = False"}, "description": "\n    Test case TC-4\n    ", "start": 1670681518303, "stop": 1670681535709, "uuid": "dad273be-9e93-4435-a4c2-278a3f75f02d", "historyId": "832350b147fac251f172289a626c5cba", "testCaseId": "7b8323124234f69a8fde1e3de50f452e", "fullName": "tests.test_shop#test_right_way", "labels": [{"name": "parentSuite", "value": "tests"}, {"name": "suite", "value": "test_shop"}, {"name": "host", "value": "iMac-Alexey.MSHOME"}, {"name": "thread", "value": "43024-MainThread"}, {"name": "framework", "value": "pytest"}, {"name": "language", "value": "cpython3"}, {"name": "package", "value": "tests.test_shop"}]}