{"name": "test_right_way", "status": "broken", "statusDetails": {"message": "selenium.common.exceptions.TimeoutException: Message:", "trace": "tests/test_shop.py:89: in test_right_way\n    WebDriverWait(browser, timeout=10, poll_frequency=1).until(\n        browser    = <selenium.webdriver.chrome.webdriver.WebDriver (session=\"d3f12f0c256acb1125af68a9af7afe94\")>\n        cart_is_visible = 'block'\n        product    = <selenium.webdriver.remote.webelement.WebElement (session=\"d3f12f0c256acb1125af68a9af7afe94\", element=\"24df8739-26f2-423c-8d7b-5b49c31bc17d\")>\nenv/lib/python3.11/site-packages/selenium/webdriver/support/wait.py:95: in until\n    raise TimeoutException(message, screen, stacktrace)\nE   selenium.common.exceptions.TimeoutException: Message:\n        end_time   = 45172.485465349\n        message    = ''\n        method     = <function url_to_be.<locals>._predicate at 0x108b78a40>\n        screen     = None\n        self       = <selenium.webdriver.support.wait.WebDriverWait (session=\"d3f12f0c256acb1125af68a9af7afe94\")>\n        stacktrace = None\n        value      = False"}, "description": "\n    Test case TC-4\n    ", "start": 1670670420516, "stop": 1670670436523, "uuid": "5c92457b-0867-4c84-b7d3-aeb02b2da943", "historyId": "832350b147fac251f172289a626c5cba", "testCaseId": "7b8323124234f69a8fde1e3de50f452e", "fullName": "tests.test_shop#test_right_way", "labels": [{"name": "parentSuite", "value": "tests"}, {"name": "suite", "value": "test_shop"}, {"name": "host", "value": "iMac-Alexey.MSHOME"}, {"name": "thread", "value": "40306-MainThread"}, {"name": "framework", "value": "pytest"}, {"name": "language", "value": "cpython3"}, {"name": "package", "value": "tests.test_shop"}]}