{"name": "test_right_way", "status": "broken", "statusDetails": {"message": "selenium.common.exceptions.NoSuchElementException: Message: no such element: Unable to locate element: {\"method\":\"css selector\",\"selector\":\"button.checkout\"}\n  (Session info: chrome=108.0.5359.98)\nStacktrace:\n0   chromedriver                        0x0000000100706f38 chromedriver + 4910904\n1   chromedriver                        0x0000000100686a03 chromedriver + 4385283\n2   chromedriver                        0x00000001002cb747 chromedriver + 472903\n3   chromedriver                        0x000000010031034c chromedriver + 754508\n4   chromedriver                        0x00000001003105a1 chromedriver + 755105\n5   chromedriver                        0x0000000100353e94 chromedriver + 1031828\n6   chromedriver                        0x000000010033613d chromedriver + 909629\n7   chromedriver                        0x000000010035128e chromedriver + 1020558\n8   chromedriver                        0x0000000100335ee3 chromedriver + 909027\n9   chromedriver                        0x000000010030030c chromedriver + 688908\n10  chromedriver                        0x000000010030188e chromedriver + 694414\n11  chromedriver                        0x00000001006d41de chromedriver + 4702686\n12  chromedriver                        0x00000001006d8b19 chromedriver + 4721433\n13  chromedriver                        0x00000001006e028e chromedriver + 4752014\n14  chromedriver                        0x00000001006d991a chromedriver + 4725018\n15  chromedriver                        0x00000001006adb02 chromedriver + 4545282\n16  chromedriver                        0x00000001006f8888 chromedriver + 4851848\n17  chromedriver                        0x00000001006f8a05 chromedriver + 4852229\n18  chromedriver                        0x000000010070ee5f chromedriver + 4943455\n19  libsystem_pthread.dylib             0x00007fff71814109 _pthread_start + 148\n20  libsystem_pthread.dylib             0x00007fff7180fb8b thread_start + 15", "trace": "tests/test_shop.py:88: in test_right_way\n    browser.find_element(by=By.CSS_SELECTOR, value=\"button.checkout\").click()\n        browser    = <selenium.webdriver.chrome.webdriver.WebDriver (session=\"69e92230ea1750ddb060b9344597634b\")>\n        cart_is_visible = 'block'\n        product    = <selenium.webdriver.remote.webelement.WebElement (session=\"69e92230ea1750ddb060b9344597634b\", element=\"1540a80f-ebc5-468b-8b18-244dfae73b32\")>\nenv/lib/python3.11/site-packages/selenium/webdriver/remote/webdriver.py:861: in find_element\n    return self.execute(Command.FIND_ELEMENT, {\"using\": by, \"value\": value})[\"value\"]\n        by         = 'css selector'\n        self       = <selenium.webdriver.chrome.webdriver.WebDriver (session=\"69e92230ea1750ddb060b9344597634b\")>\n        value      = 'button.checkout'\nenv/lib/python3.11/site-packages/selenium/webdriver/remote/webdriver.py:444: in execute\n    self.error_handler.check_response(response)\n        driver_command = 'findElement'\n        params     = {'using': 'css selector', 'value': 'button.checkout'}\n        response   = {'status': 404, 'value': '{\"value\":{\"error\":\"no such element\",\"message\":\"no such element: Unable to locate element: {\\...fff71814109 _pthread_start + 148\\\\n20  libsystem_pthread.dylib             0x00007fff7180fb8b thread_start + 15\\\\n\"}}'}\n        self       = <selenium.webdriver.chrome.webdriver.WebDriver (session=\"69e92230ea1750ddb060b9344597634b\")>\nenv/lib/python3.11/site-packages/selenium/webdriver/remote/errorhandler.py:249: in check_response\n    raise exception_class(message, screen, stacktrace)\nE   selenium.common.exceptions.NoSuchElementException: Message: no such element: Unable to locate element: {\"method\":\"css selector\",\"selector\":\"button.checkout\"}\nE     (Session info: chrome=108.0.5359.98)\nE   Stacktrace:\nE   0   chromedriver                        0x0000000100706f38 chromedriver + 4910904\nE   1   chromedriver                        0x0000000100686a03 chromedriver + 4385283\nE   2   chromedriver                        0x00000001002cb747 chromedriver + 472903\nE   3   chromedriver                        0x000000010031034c chromedriver + 754508\nE   4   chromedriver                        0x00000001003105a1 chromedriver + 755105\nE   5   chromedriver                        0x0000000100353e94 chromedriver + 1031828\nE   6   chromedriver                        0x000000010033613d chromedriver + 909629\nE   7   chromedriver                        0x000000010035128e chromedriver + 1020558\nE   8   chromedriver                        0x0000000100335ee3 chromedriver + 909027\nE   9   chromedriver                        0x000000010030030c chromedriver + 688908\nE   10  chromedriver                        0x000000010030188e chromedriver + 694414\nE   11  chromedriver                        0x00000001006d41de chromedriver + 4702686\nE   12  chromedriver                        0x00000001006d8b19 chromedriver + 4721433\nE   13  chromedriver                        0x00000001006e028e chromedriver + 4752014\nE   14  chromedriver                        0x00000001006d991a chromedriver + 4725018\nE   15  chromedriver                        0x00000001006adb02 chromedriver + 4545282\nE   16  chromedriver                        0x00000001006f8888 chromedriver + 4851848\nE   17  chromedriver                        0x00000001006f8a05 chromedriver + 4852229\nE   18  chromedriver                        0x000000010070ee5f chromedriver + 4943455\nE   19  libsystem_pthread.dylib             0x00007fff71814109 _pthread_start + 148\nE   20  libsystem_pthread.dylib             0x00007fff7180fb8b thread_start + 15\n        exception_class = <class 'selenium.common.exceptions.NoSuchElementException'>\n        json       = <module 'json' from '/Library/Frameworks/Python.framework/Versions/3.11/lib/python3.11/json/__init__.py'>\n        message    = 'no such element: Unable to locate element: {\"method\":\"css selector\",\"selector\":\"button.checkout\"}\\n  (Session info: chrome=108.0.5359.98)'\n        response   = {'status': 404, 'value': '{\"value\":{\"error\":\"no such element\",\"message\":\"no such element: Unable to locate element: {\\...fff71814109 _pthread_start + 148\\\\n20  libsystem_pthread.dylib             0x00007fff7180fb8b thread_start + 15\\\\n\"}}'}\n        screen     = None\n        self       = <selenium.webdriver.remote.errorhandler.ErrorHandler object at 0x10b916210>\n        st_value   = '0   chromedriver                        0x0000000100706f38 chromedriver + 4910904\\n1   chromedriver                  ...x00007fff71814109 _pthread_start + 148\\n20  libsystem_pthread.dylib             0x00007fff7180fb8b thread_start + 15\\n'\n        stacktrace = ['0   chromedriver                        0x0000000100706f38 chromedriver + 4910904', '1   chromedriver               ...105a1 chromedriver + 755105', '5   chromedriver                        0x0000000100353e94 chromedriver + 1031828', ...]\n        status     = 'no such element'\n        value      = {'error': 'no such element', 'message': 'no such element: Unable to locate element: {\"method\":\"css selector\",\"selector...00007fff71814109 _pthread_start + 148\\n20  libsystem_pthread.dylib             0x00007fff7180fb8b thread_start + 15\\n'}\n        value_json = '{\"value\":{\"error\":\"no such element\",\"message\":\"no such element: Unable to locate element: {\\\\\"method\\\\\":\\\\\"css select...7fff71814109 _pthread_start + 148\\\\n20  libsystem_pthread.dylib             0x00007fff7180fb8b thread_start + 15\\\\n\"}}'"}, "description": "\n    Test case TC-4\n    ", "start": 1670680769481, "stop": 1670680775594, "uuid": "67410e52-a4cd-4b8d-889a-dcb9e2157f63", "historyId": "832350b147fac251f172289a626c5cba", "testCaseId": "7b8323124234f69a8fde1e3de50f452e", "fullName": "tests.test_shop#test_right_way", "labels": [{"name": "parentSuite", "value": "tests"}, {"name": "suite", "value": "test_shop"}, {"name": "host", "value": "iMac-Alexey.MSHOME"}, {"name": "thread", "value": "42665-MainThread"}, {"name": "framework", "value": "pytest"}, {"name": "language", "value": "cpython3"}, {"name": "package", "value": "tests.test_shop"}]}