{"name": "test_right_way", "status": "broken", "statusDetails": {"message": "selenium.common.exceptions.TimeoutException: Message:", "trace": "tests/test_shop.py:89: in test_right_way\n    WebDriverWait(browser, timeout=10, poll_frequency=1).until(\n        browser    = <selenium.webdriver.chrome.webdriver.WebDriver (session=\"98ff982c268f9b6fe06df9613801a00d\")>\n        cart_is_visible = 'block'\n        product    = <selenium.webdriver.remote.webelement.WebElement (session=\"98ff982c268f9b6fe06df9613801a00d\", element=\"dd61b10c-5850-4c41-9b3e-7105b0926db7\")>\nenv/lib/python3.11/site-packages/selenium/webdriver/support/wait.py:95: in until\n    raise TimeoutException(message, screen, stacktrace)\nE   selenium.common.exceptions.TimeoutException: Message:\n        end_time   = 57155.79165334\n        message    = ''\n        method     = <function url_to_be.<locals>._predicate at 0x11165f4c0>\n        screen     = None\n        self       = <selenium.webdriver.support.wait.WebDriverWait (session=\"98ff982c268f9b6fe06df9613801a00d\")>\n        stacktrace = None\n        value      = False"}, "description": "\n    Test case TC-4\n    ", "start": 1670682401656, "stop": 1670682419687, "uuid": "acf0ece3-222f-4b05-8afe-3a708c4d276d", "historyId": "832350b147fac251f172289a626c5cba", "testCaseId": "7b8323124234f69a8fde1e3de50f452e", "fullName": "tests.test_shop#test_right_way", "labels": [{"name": "parentSuite", "value": "tests"}, {"name": "suite", "value": "test_shop"}, {"name": "host", "value": "iMac-Alexey.MSHOME"}, {"name": "thread", "value": "43670-MainThread"}, {"name": "framework", "value": "pytest"}, {"name": "language", "value": "cpython3"}, {"name": "package", "value": "tests.test_shop"}]}