{"name": "test_right_way", "status": "broken", "statusDetails": {"message": "selenium.common.exceptions.TimeoutException: Message:", "trace": "tests/test_shop.py:89: in test_right_way\n    WebDriverWait(browser, timeout=10, poll_frequency=1).until(\n        browser    = <selenium.webdriver.chrome.webdriver.WebDriver (session=\"a62da70910d2a1c39695df1c1106a115\")>\n        cart_is_visible = 'block'\n        product    = <selenium.webdriver.remote.webelement.WebElement (session=\"a62da70910d2a1c39695df1c1106a115\", element=\"30d6d041-f24b-402c-8363-a0f74770fe38\")>\nenv/lib/python3.11/site-packages/selenium/webdriver/support/wait.py:95: in until\n    raise TimeoutException(message, screen, stacktrace)\nE   selenium.common.exceptions.TimeoutException: Message:\n        end_time   = 53043.972459846\n        message    = ''\n        method     = <function url_to_be.<locals>._predicate at 0x109aff600>\n        screen     = None\n        self       = <selenium.webdriver.support.wait.WebDriverWait (session=\"a62da70910d2a1c39695df1c1106a115\")>\n        stacktrace = None\n        value      = False"}, "description": "\n    Test case TC-4\n    ", "start": 1670678290319, "stop": 1670678307775, "uuid": "bacfc082-3fa6-4594-ba2e-bf917db45e18", "historyId": "832350b147fac251f172289a626c5cba", "testCaseId": "7b8323124234f69a8fde1e3de50f452e", "fullName": "tests.test_shop#test_right_way", "labels": [{"name": "parentSuite", "value": "tests"}, {"name": "suite", "value": "test_shop"}, {"name": "host", "value": "iMac-Alexey.MSHOME"}, {"name": "thread", "value": "42102-MainThread"}, {"name": "framework", "value": "pytest"}, {"name": "language", "value": "cpython3"}, {"name": "package", "value": "tests.test_shop"}]}