{"name": "test_products_group", "status": "skipped", "statusDetails": {"message": "XFAIL Wait for fix bug\n\nselenium.common.exceptions.ElementClickInterceptedException: Message: element click intercepted: Element <a href=\"https://test.qa.studio?products_group=sale\" class=\"tab-sale \">...</a> is not clickable at point (901, 748). Other element would receive the click: <div class=\"catalog-toolbar-tabs__content\">...</div>\n  (Session info: chrome=108.0.5359.98)\nStacktrace:\n0   chromedriver                        0x0000000101429f38 chromedriver + 4910904\n1   chromedriver                        0x00000001013a9a03 chromedriver + 4385283\n2   chromedriver                        0x0000000100fee747 chromedriver + 472903\n3   chromedriver                        0x000000010103c588 chromedriver + 791944\n4   chromedriver                        0x00000001010399ec chromedriver + 780780\n5   chromedriver                        0x0000000101036671 chromedriver + 767601\n6   chromedriver                        0x000000010103518b chromedriver + 762251\n7   chromedriver                        0x0000000101025ac3 chromedriver + 699075\n8   chromedriver                        0x0000000101059112 chromedriver + 909586\n9   chromedriver                        0x00000001010250ed chromedriver + 696557\n10  chromedriver                        0x00000001010592ce chromedriver + 910030\n11  chromedriver                        0x000000010107428e chromedriver + 1020558\n12  chromedriver                        0x0000000101058ee3 chromedriver + 909027\n13  chromedriver                        0x000000010102330c chromedriver + 688908\n14  chromedriver                        0x000000010102488e chromedriver + 694414\n15  chromedriver                        0x00000001013f71de chromedriver + 4702686\n16  chromedriver                        0x00000001013fbb19 chromedriver + 4721433\n17  chromedriver                        0x000000010140328e chromedriver + 4752014\n18  chromedriver                        0x00000001013fc91a chromedriver + 4725018\n19  chromedriver                        0x00000001013d0b02 chromedriver + 4545282\n20  chromedriver                        0x000000010141b888 chromedriver + 4851848\n21  chromedriver                        0x000000010141ba05 chromedriver + 4852229\n22  chromedriver                        0x0000000101431e5f chromedriver + 4943455\n23  libsystem_pthread.dylib             0x00007fff71814109 _pthread_start + 148\n24  libsystem_pthread.dylib             0x00007fff7180fb8b thread_start + 15", "trace": "tests/test_shop.py:47: in test_products_group\n    element.click()\n        browser    = <selenium.webdriver.chrome.webdriver.WebDriver (session=\"d3f12f0c256acb1125af68a9af7afe94\")>\n        element    = <selenium.webdriver.remote.webelement.WebElement (session=\"d3f12f0c256acb1125af68a9af7afe94\", element=\"2489ec5f-0906-4a9b-890a-628cc9d93b76\")>\n        elements   = [<selenium.webdriver.remote.webelement.WebElement (session=\"d3f12f0c256acb1125af68a9af7afe94\", element=\"edbf4483-4338-...te.webelement.WebElement (session=\"d3f12f0c256acb1125af68a9af7afe94\", element=\"f1d3c4a3-3974-4779-9bce-498ca177165d\")>]\n        expected_menu = [('Все', '', \"[class='tab-all active']\"), ('Бестселлеры', '/?products_group=best_sellers', \"[class='tab-best_sellers '... '/?products_group=new', \"[class='tab-new ']\"), ('Распродажа товаров', '/?products_group=sale', \"[class='tab-sale ']\")]\n        item       = ('Распродажа товаров', '/?products_group=sale', \"[class='tab-sale ']\")\n        menu_element = \"[class='catalog-toolbar-tabs__content'] a\"\nenv/lib/python3.11/site-packages/selenium/webdriver/remote/webelement.py:93: in click\n    self._execute(Command.CLICK_ELEMENT)\n        self       = <selenium.webdriver.remote.webelement.WebElement (session=\"d3f12f0c256acb1125af68a9af7afe94\", element=\"2489ec5f-0906-4a9b-890a-628cc9d93b76\")>\nenv/lib/python3.11/site-packages/selenium/webdriver/remote/webelement.py:410: in _execute\n    return self._parent.execute(command, params)\n        command    = 'clickElement'\n        params     = {'id': '2489ec5f-0906-4a9b-890a-628cc9d93b76'}\n        self       = <selenium.webdriver.remote.webelement.WebElement (session=\"d3f12f0c256acb1125af68a9af7afe94\", element=\"2489ec5f-0906-4a9b-890a-628cc9d93b76\")>\nenv/lib/python3.11/site-packages/selenium/webdriver/remote/webdriver.py:444: in execute\n    self.error_handler.check_response(response)\n        driver_command = 'clickElement'\n        params     = {'id': '2489ec5f-0906-4a9b-890a-628cc9d93b76'}\n        response   = {'status': 400, 'value': '{\"value\":{\"error\":\"element click intercepted\",\"message\":\"element click intercepted: Element ...fff71814109 _pthread_start + 148\\\\n24  libsystem_pthread.dylib             0x00007fff7180fb8b thread_start + 15\\\\n\"}}'}\n        self       = <selenium.webdriver.chrome.webdriver.WebDriver (session=\"d3f12f0c256acb1125af68a9af7afe94\")>\nenv/lib/python3.11/site-packages/selenium/webdriver/remote/errorhandler.py:249: in check_response\n    raise exception_class(message, screen, stacktrace)\nE   selenium.common.exceptions.ElementClickInterceptedException: Message: element click intercepted: Element <a href=\"https://test.qa.studio?products_group=sale\" class=\"tab-sale \">...</a> is not clickable at point (901, 748). Other element would receive the click: <div class=\"catalog-toolbar-tabs__content\">...</div>\nE     (Session info: chrome=108.0.5359.98)\nE   Stacktrace:\nE   0   chromedriver                        0x0000000101429f38 chromedriver + 4910904\nE   1   chromedriver                        0x00000001013a9a03 chromedriver + 4385283\nE   2   chromedriver                        0x0000000100fee747 chromedriver + 472903\nE   3   chromedriver                        0x000000010103c588 chromedriver + 791944\nE   4   chromedriver                        0x00000001010399ec chromedriver + 780780\nE   5   chromedriver                        0x0000000101036671 chromedriver + 767601\nE   6   chromedriver                        0x000000010103518b chromedriver + 762251\nE   7   chromedriver                        0x0000000101025ac3 chromedriver + 699075\nE   8   chromedriver                        0x0000000101059112 chromedriver + 909586\nE   9   chromedriver                        0x00000001010250ed chromedriver + 696557\nE   10  chromedriver                        0x00000001010592ce chromedriver + 910030\nE   11  chromedriver                        0x000000010107428e chromedriver + 1020558\nE   12  chromedriver                        0x0000000101058ee3 chromedriver + 909027\nE   13  chromedriver                        0x000000010102330c chromedriver + 688908\nE   14  chromedriver                        0x000000010102488e chromedriver + 694414\nE   15  chromedriver                        0x00000001013f71de chromedriver + 4702686\nE   16  chromedriver                        0x00000001013fbb19 chromedriver + 4721433\nE   17  chromedriver                        0x000000010140328e chromedriver + 4752014\nE   18  chromedriver                        0x00000001013fc91a chromedriver + 4725018\nE   19  chromedriver                        0x00000001013d0b02 chromedriver + 4545282\nE   20  chromedriver                        0x000000010141b888 chromedriver + 4851848\nE   21  chromedriver                        0x000000010141ba05 chromedriver + 4852229\nE   22  chromedriver                        0x0000000101431e5f chromedriver + 4943455\nE   23  libsystem_pthread.dylib             0x00007fff71814109 _pthread_start + 148\nE   24  libsystem_pthread.dylib             0x00007fff7180fb8b thread_start + 15\n        exception_class = <class 'selenium.common.exceptions.ElementClickInterceptedException'>\n        json       = <module 'json' from '/Library/Frameworks/Python.framework/Versions/3.11/lib/python3.11/json/__init__.py'>\n        message    = 'element click intercepted: Element <a href=\"https://test.qa.studio?products_group=sale\" class=\"tab-sale \">...</a> is ... would receive the click: <div class=\"catalog-toolbar-tabs__content\">...</div>\\n  (Session info: chrome=108.0.5359.98)'\n        response   = {'status': 400, 'value': '{\"value\":{\"error\":\"element click intercepted\",\"message\":\"element click intercepted: Element ...fff71814109 _pthread_start + 148\\\\n24  libsystem_pthread.dylib             0x00007fff7180fb8b thread_start + 15\\\\n\"}}'}\n        screen     = None\n        self       = <selenium.webdriver.remote.errorhandler.ErrorHandler object at 0x1089a2350>\n        st_value   = '0   chromedriver                        0x0000000101429f38 chromedriver + 4910904\\n1   chromedriver                  ...x00007fff71814109 _pthread_start + 148\\n24  libsystem_pthread.dylib             0x00007fff7180fb8b thread_start + 15\\n'\n        stacktrace = ['0   chromedriver                        0x0000000101429f38 chromedriver + 4910904', '1   chromedriver               ...0399ec chromedriver + 780780', '5   chromedriver                        0x0000000101036671 chromedriver + 767601', ...]\n        status     = 'element click intercepted'\n        value      = {'error': 'element click intercepted', 'message': 'element click intercepted: Element <a href=\"https://test.qa.studio?...00007fff71814109 _pthread_start + 148\\n24  libsystem_pthread.dylib             0x00007fff7180fb8b thread_start + 15\\n'}\n        value_json = '{\"value\":{\"error\":\"element click intercepted\",\"message\":\"element click intercepted: Element \\\\u003Ca href=\\\\\"https://...7fff71814109 _pthread_start + 148\\\\n24  libsystem_pthread.dylib             0x00007fff7180fb8b thread_start + 15\\\\n\"}}'"}, "description": "\n    Test case TC-2\n    ", "start": 1670670413632, "stop": 1670670417678, "uuid": "2183fa5c-8821-4f02-ba2c-534e5967bdb1", "historyId": "09ac6b905e7ac66417c95d86a058a7ca", "testCaseId": "4fdd6adba16e950b161eae73ef4ccb14", "fullName": "tests.test_shop#test_products_group", "labels": [{"name": "tag", "value": "@pytest.mark.xfail(reason='Wait for fix bug')"}, {"name": "parentSuite", "value": "tests"}, {"name": "suite", "value": "test_shop"}, {"name": "host", "value": "iMac-Alexey.MSHOME"}, {"name": "thread", "value": "40306-MainThread"}, {"name": "framework", "value": "pytest"}, {"name": "language", "value": "cpython3"}, {"name": "package", "value": "tests.test_shop"}]}